This is pdfTeX, Version 3.141592653-2.6-1.40.27 (TeX Live 2025) (preloaded format=pdflatex 2025.6.10)  8 AUG 2025 20:11
entering extended mode
 restricted \write18 enabled.
 %&-line parsing enabled.
**Dissertation.tex
(./Dissertation.tex
LaTeX2e <2024-11-01> patch level 2
L3 programming layer <2025-01-18>
(g:/texlive/2025/texmf-dist/tex/latex/base/report.cls
Document Class: report 2024/06/29 v1.4n Standard LaTeX document class
(g:/texlive/2025/texmf-dist/tex/latex/base/size10.clo
File: size10.clo 2024/06/29 v1.4n Standard LaTeX file (size option)
)
\c@part=\count196
\c@chapter=\count197
\c@section=\count198
\c@subsection=\count199
\c@subsubsection=\count266
\c@paragraph=\count267
\c@subparagraph=\count268
\c@figure=\count269
\c@table=\count270
\abovecaptionskip=\skip49
\belowcaptionskip=\skip50
\bibindent=\dimen141
)
(g:/texlive/2025/texmf-dist/tex/latex/amsmath/amsmath.sty
Package: amsmath 2024/11/05 v2.17t AMS math features
\@mathmargin=\skip51

For additional information on amsmath, use the `?' option.
(g:/texlive/2025/texmf-dist/tex/latex/amsmath/amstext.sty
Package: amstext 2021/08/26 v2.01 AMS text

(g:/texlive/2025/texmf-dist/tex/latex/amsmath/amsgen.sty
File: amsgen.sty 1999/11/30 v2.0 generic functions
\@emptytoks=\toks17
\ex@=\dimen142
))
(g:/texlive/2025/texmf-dist/tex/latex/amsmath/amsbsy.sty
Package: amsbsy 1999/11/29 v1.2d Bold Symbols
\pmbraise@=\dimen143
)
(g:/texlive/2025/texmf-dist/tex/latex/amsmath/amsopn.sty
Package: amsopn 2022/04/08 v2.04 operator names
)
\inf@bad=\count271
LaTeX Info: Redefining \frac on input line 233.
\uproot@=\count272
\leftroot@=\count273
LaTeX Info: Redefining \overline on input line 398.
LaTeX Info: Redefining \colon on input line 409.
\classnum@=\count274
\DOTSCASE@=\count275
LaTeX Info: Redefining \ldots on input line 495.
LaTeX Info: Redefining \dots on input line 498.
LaTeX Info: Redefining \cdots on input line 619.
\Mathstrutbox@=\box52
\strutbox@=\box53
LaTeX Info: Redefining \big on input line 721.
LaTeX Info: Redefining \Big on input line 722.
LaTeX Info: Redefining \bigg on input line 723.
LaTeX Info: Redefining \Bigg on input line 724.
\big@size=\dimen144
LaTeX Font Info:    Redeclaring font encoding OML on input line 742.
LaTeX Font Info:    Redeclaring font encoding OMS on input line 743.
\macc@depth=\count276
LaTeX Info: Redefining \bmod on input line 904.
LaTeX Info: Redefining \pmod on input line 909.
LaTeX Info: Redefining \smash on input line 939.
LaTeX Info: Redefining \relbar on input line 969.
LaTeX Info: Redefining \Relbar on input line 970.
\c@MaxMatrixCols=\count277
\dotsspace@=\muskip17
\c@parentequation=\count278
\dspbrk@lvl=\count279
\tag@help=\toks18
\row@=\count280
\column@=\count281
\maxfields@=\count282
\andhelp@=\toks19
\eqnshift@=\dimen145
\alignsep@=\dimen146
\tagshift@=\dimen147
\tagwidth@=\dimen148
\totwidth@=\dimen149
\lineht@=\dimen150
\@envbody=\toks20
\multlinegap=\skip52
\multlinetaggap=\skip53
\mathdisplay@stack=\toks21
LaTeX Info: Redefining \[ on input line 2953.
LaTeX Info: Redefining \] on input line 2954.
)
(g:/texlive/2025/texmf-dist/tex/latex/amsfonts/amssymb.sty
Package: amssymb 2013/01/14 v3.01 AMS font symbols

(g:/texlive/2025/texmf-dist/tex/latex/amsfonts/amsfonts.sty
Package: amsfonts 2013/01/14 v3.01 Basic AMSFonts support
\symAMSa=\mathgroup4
\symAMSb=\mathgroup5
LaTeX Font Info:    Redeclaring math symbol \hbar on input line 98.
LaTeX Font Info:    Overwriting math alphabet `\mathfrak' in version `bold'
(Font)                  U/euf/m/n --> U/euf/b/n on input line 106.
))
(g:/texlive/2025/texmf-dist/tex/latex/algorithms/algorithm.sty
Package: algorithm 2009/08/24 v0.1 Document Style `algorithm' - floating enviro
nment

(g:/texlive/2025/texmf-dist/tex/latex/float/float.sty
Package: float 2001/11/08 v1.3d Float enhancements (AL)
\c@float@type=\count283
\float@exts=\toks22
\float@box=\box54
\@float@everytoks=\toks23
\@floatcapt=\box55
)
(g:/texlive/2025/texmf-dist/tex/latex/base/ifthen.sty
Package: ifthen 2024/03/16 v1.1e Standard LaTeX ifthen package (DPC)
)
\@float@every@algorithm=\toks24
\c@algorithm=\count284
)
(g:/texlive/2025/texmf-dist/tex/latex/algorithms/algorithmic.sty
Package: algorithmic 2009/08/24 v0.1 Document Style `algorithmic'

(g:/texlive/2025/texmf-dist/tex/latex/graphics/keyval.sty
Package: keyval 2022/05/29 v1.15 key=value parser (DPC)
\KV@toks@=\toks25
)
\c@ALC@unique=\count285
\c@ALC@line=\count286
\c@ALC@rem=\count287
\c@ALC@depth=\count288
\ALC@tlm=\skip54
\algorithmicindent=\skip55
)
(g:/texlive/2025/texmf-dist/tex/latex/fancyhdr/fancyhdr.sty
Package: fancyhdr 2025/02/07 v5.2 Extensive control of page headers and footers

\f@nch@headwidth=\skip56
\f@nch@offset@elh=\skip57
\f@nch@offset@erh=\skip58
\f@nch@offset@olh=\skip59
\f@nch@offset@orh=\skip60
\f@nch@offset@elf=\skip61
\f@nch@offset@erf=\skip62
\f@nch@offset@olf=\skip63
\f@nch@offset@orf=\skip64
\f@nch@height=\skip65
\f@nch@footalignment=\skip66
\f@nch@widthL=\skip67
\f@nch@widthC=\skip68
\f@nch@widthR=\skip69
\@temptokenb=\toks26
)
(g:/texlive/2025/texmf-dist/tex/latex/graphics/graphicx.sty
Package: graphicx 2021/09/16 v1.2d Enhanced LaTeX Graphics (DPC,SPQR)

(g:/texlive/2025/texmf-dist/tex/latex/graphics/graphics.sty
Package: graphics 2024/08/06 v1.4g Standard LaTeX Graphics (DPC,SPQR)

(g:/texlive/2025/texmf-dist/tex/latex/graphics/trig.sty
Package: trig 2023/12/02 v1.11 sin cos tan (DPC)
)
(g:/texlive/2025/texmf-dist/tex/latex/graphics-cfg/graphics.cfg
File: graphics.cfg 2016/06/04 v1.11 sample graphics configuration
)
Package graphics Info: Driver file: pdftex.def on input line 106.

(g:/texlive/2025/texmf-dist/tex/latex/graphics-def/pdftex.def
File: pdftex.def 2024/04/13 v1.2c Graphics/color driver for pdftex
))
\Gin@req@height=\dimen151
\Gin@req@width=\dimen152
)
(g:/texlive/2025/texmf-dist/tex/latex/lipsum/lipsum.sty
(g:/texlive/2025/texmf-dist/tex/latex/l3packages/l3keys2e/l3keys2e.sty
(g:/texlive/2025/texmf-dist/tex/latex/l3kernel/expl3.sty
Package: expl3 2025-01-18 L3 programming layer (loader) 

(g:/texlive/2025/texmf-dist/tex/latex/l3backend/l3backend-pdftex.def
File: l3backend-pdftex.def 2024-05-08 L3 backend support: PDF output (pdfTeX)
\l__color_backend_stack_int=\count289
\l__pdf_internal_box=\box56
))
Package: l3keys2e 2024-08-16 LaTeX2e option processing using LaTeX3 keys
)
Package: lipsum 2021-09-20 v2.7 150 paragraphs of Lorem Ipsum dummy text
\g__lipsum_par_int=\count290
\l__lipsum_a_int=\count291
\l__lipsum_b_int=\count292

(g:/texlive/2025/texmf-dist/tex/latex/lipsum/lipsum.ltd.tex))
(g:/texlive/2025/texmf-dist/tex/latex/multirow/multirow.sty
Package: multirow 2024/11/12 v2.9 Span multiple rows of a table
\multirow@colwidth=\skip70
\multirow@cntb=\count293
\multirow@dima=\skip71
\bigstrutjot=\dimen153
)
(g:/texlive/2025/texmf-dist/tex/latex/setspace/setspace.sty
Package: setspace 2022/12/04 v6.7b set line spacing
)
(g:/texlive/2025/texmf-dist/tex/latex/tools/verbatim.sty
Package: verbatim 2024-01-22 v1.5x LaTeX2e package for verbatim enhancements
\every@verbatim=\toks27
\verbatim@line=\toks28
\verbatim@in@stream=\read2
)
(g:/texlive/2025/texmf-dist/tex/latex/fncychap/fncychap.sty
Package: fncychap 2007/07/30 v1.34 LaTeX package (Revised chapters)
\RW=\skip72
\mylen=\skip73
\myhi=\skip74
\px=\skip75
\py=\skip76
\pyy=\skip77
\pxx=\skip78
)
(./Dissertation.aux (./Preamble/Frontpage.aux) (./Preamble/Abstract.aux)
(./Preamble/Acknowledge.aux) (./Preamble/Abbreviations.aux)
(./Preamble/Contents.aux) (./Preamble/Lists.aux) (./Preamble/ChapterMods.aux)
(./Chapter1/Chapter1.aux) (./Chapter2/Chapter2.aux) (./Chapter3/Chapter3.aux)
(./Chapter4/Chapter4.aux) (./Chapter5/Chapter5.aux) (./Chapter6/Chapter6.aux)
(./Chapter7/Chapter7.aux) (./Chapter8/Chapter8.aux) (./Chapter9/Chapter9.aux)
(./Chapter10/Chapter10.aux) (./Appendices/Appendices.aux))
\openout1 = `Dissertation.aux'.

LaTeX Font Info:    Checking defaults for OML/cmm/m/it on input line 22.
LaTeX Font Info:    ... okay on input line 22.
LaTeX Font Info:    Checking defaults for OMS/cmsy/m/n on input line 22.
LaTeX Font Info:    ... okay on input line 22.
LaTeX Font Info:    Checking defaults for OT1/cmr/m/n on input line 22.
LaTeX Font Info:    ... okay on input line 22.
LaTeX Font Info:    Checking defaults for T1/cmr/m/n on input line 22.
LaTeX Font Info:    ... okay on input line 22.
LaTeX Font Info:    Checking defaults for TS1/cmr/m/n on input line 22.
LaTeX Font Info:    ... okay on input line 22.
LaTeX Font Info:    Checking defaults for OMX/cmex/m/n on input line 22.
LaTeX Font Info:    ... okay on input line 22.
LaTeX Font Info:    Checking defaults for U/cmr/m/n on input line 22.
LaTeX Font Info:    ... okay on input line 22.

(g:/texlive/2025/texmf-dist/tex/context/base/mkii/supp-pdf.mkii
[Loading MPS to PDF converter (version 2006.09.02).]
\scratchcounter=\count294
\scratchdimen=\dimen154
\scratchbox=\box57
\nofMPsegments=\count295
\nofMParguments=\count296
\everyMPshowfont=\toks29
\MPscratchCnt=\count297
\MPscratchDim=\dimen155
\MPnumerator=\count298
\makeMPintoPDFobject=\count299
\everyMPtoPDFconversion=\toks30
) (g:/texlive/2025/texmf-dist/tex/latex/epstopdf-pkg/epstopdf-base.sty
Package: epstopdf-base 2020-01-24 v2.11 Base part for package epstopdf

(g:/texlive/2025/texmf-dist/tex/generic/infwarerr/infwarerr.sty
Package: infwarerr 2019/12/03 v1.5 Providing info/warning/error messages (HO)
)
(g:/texlive/2025/texmf-dist/tex/latex/grfext/grfext.sty
Package: grfext 2019/12/03 v1.3 Manage graphics extensions (HO)

(g:/texlive/2025/texmf-dist/tex/generic/kvdefinekeys/kvdefinekeys.sty
Package: kvdefinekeys 2019-12-19 v1.6 Define keys (HO)
))
(g:/texlive/2025/texmf-dist/tex/latex/kvoptions/kvoptions.sty
Package: kvoptions 2022-06-15 v3.15 Key value format for package options (HO)

(g:/texlive/2025/texmf-dist/tex/generic/ltxcmds/ltxcmds.sty
Package: ltxcmds 2023-12-04 v1.26 LaTeX kernel commands for general use (HO)
)
(g:/texlive/2025/texmf-dist/tex/latex/kvsetkeys/kvsetkeys.sty
Package: kvsetkeys 2022-10-05 v1.19 Key value parser (HO)
))
(g:/texlive/2025/texmf-dist/tex/generic/pdftexcmds/pdftexcmds.sty
Package: pdftexcmds 2020-06-27 v0.33 Utility functions of pdfTeX for LuaTeX (HO
)

(g:/texlive/2025/texmf-dist/tex/generic/iftex/iftex.sty
Package: iftex 2024/12/12 v1.0g TeX engine tests
)
Package pdftexcmds Info: \pdf@primitive is available.
Package pdftexcmds Info: \pdf@ifprimitive is available.
Package pdftexcmds Info: \pdfdraftmode found.
)
Package epstopdf-base Info: Redefining graphics rule for `.eps' on input line 4
85.
Package grfext Info: Graphics extension search list:
(grfext)             [.pdf,.png,.jpg,.mps,.jpeg,.jbig2,.jb2,.PDF,.PNG,.JPG,.JPE
G,.JBIG2,.JB2,.eps]
(grfext)             \AppendGraphicsExtensions on input line 504.

(g:/texlive/2025/texmf-dist/tex/latex/latexconfig/epstopdf-sys.cfg
File: epstopdf-sys.cfg 2010/07/13 v1.3 Configuration of (r)epstopdf for TeX Liv
e
))
\openout2 = `Preamble/Frontpage.aux'.


(./Preamble/Frontpage.tex
<Preamble/BirmCrest.png, id=1, 78.7743pt x 94.4328pt>
File: Preamble/BirmCrest.png Graphic file (type png)
<use Preamble/BirmCrest.png>
Package pdftex.def Info: Preamble/BirmCrest.png  used on input line 7.
(pdftex.def)             Requested size: 118.16116pt x 141.64883pt.
)

[1


{g:/texlive/2025/texmf-var/fonts/map/pdftex/updmap/pdftex.map} <./Preamble/Birm
Crest.png>]
\openout2 = `Preamble/Abstract.aux'.

 (./Preamble/Abstract.tex)

[2




]
\openout2 = `Preamble/Acknowledge.aux'.

 (./Preamble/Acknowledge.tex)

[3




]
\openout2 = `Preamble/Abbreviations.aux'.

 (./Preamble/Abbreviations.tex)

[4




]
\openout2 = `Preamble/Contents.aux'.

 (./Preamble/Contents.tex (./Dissertation.toc
LaTeX Font Info:    Trying to load font information for U+msa on input line 7.

(g:/texlive/2025/texmf-dist/tex/latex/amsfonts/umsa.fd
File: umsa.fd 2013/01/14 v3.01 AMS symbols A
)
LaTeX Font Info:    Trying to load font information for U+msb on input line 7.

(g:/texlive/2025/texmf-dist/tex/latex/amsfonts/umsb.fd
File: umsb.fd 2013/01/14 v3.01 AMS symbols B
)

[5




])
\tf@toc=\write3
\openout3 = `Dissertation.toc'.

)

[6]
\openout2 = `Preamble/Lists.aux'.

 (./Preamble/Lists.tex (./Dissertation.lof)
\tf@lof=\write4
\openout4 = `Dissertation.lof'.



[7




] (./Dissertation.lot)
\tf@lot=\write5
\openout5 = `Dissertation.lot'.



[8

])
\openout2 = `Preamble/ChapterMods.aux'.

 (./Preamble/ChapterMods.tex)
\openout2 = `Chapter1/Chapter1.aux'.

 (./Chapter1/Chapter1.tex
Chapter 1.


[1







])

[2]
\openout2 = `Chapter2/Chapter2.aux'.

 (./Chapter2/Chapter2.tex
Chapter 2.
)

[3




]
\openout2 = `Chapter3/Chapter3.aux'.

 (./Chapter3/Chapter3.tex
Chapter 3.


[4




]

[5]

[6]
Overfull \hbox (4.47281pt too wide) in paragraph at lines 119--120
[]\OT1/cmr/m/n/10 Advantages: shal-low CNNs are data-efficient and fast, cap-tu
r-ing lo-cal spectro-
 []



[7]
Overfull \hbox (0.83272pt too wide) in paragraph at lines 145--146
[]\OT1/cmr/m/n/10 Design: patch sizes $(\OML/cmm/m/it/10 P[]; P[]\OT1/cmr/m/n/1
0 )$ bal-ance spec-tral and tem-po-ral res-o-lu-tion; smaller
 []


Overfull \hbox (2.03773pt too wide) in paragraph at lines 145--146
\OT1/cmr/m/n/10 cludes dropout and stochas-tic depth; data aug-men-ta-tion in-c
ludes time/frequency
 []

)

[8]
\openout2 = `Chapter4/Chapter4.aux'.

 (./Chapter4/Chapter4.tex
Chapter 4.
)

[9




]
\openout2 = `Chapter5/Chapter5.aux'.

 (./Chapter5/Chapter5.tex
Chapter 5.
)

[10




]
\openout2 = `Chapter6/Chapter6.aux'.

 (./Chapter6/Chapter6.tex
Chapter 6.
)

[11




]
\openout2 = `Chapter7/Chapter7.aux'.

 (./Chapter7/Chapter7.tex
Chapter 7.
)

[12




]
\openout2 = `Chapter8/Chapter8.aux'.

 (./Chapter8/Chapter8.tex
Chapter 8.
)

[13




]
\openout2 = `Chapter9/Chapter9.aux'.

 (./Chapter9/Chapter9.tex
Chapter 9.
)

[14




]
\openout2 = `Chapter10/Chapter10.aux'.

 (./Chapter10/Chapter10.tex
Chapter 10.
)

[15




] (./Dissertation.bbl

LaTeX Warning: Empty `thebibliography' environment on input line 3.

)

[16



]
\openout2 = `Appendices/Appendices.aux'.

 (./Appendices/Appendices.tex) (./Dissertation.aux
(./Preamble/Frontpage.aux) (./Preamble/Abstract.aux)
(./Preamble/Acknowledge.aux) (./Preamble/Abbreviations.aux)
(./Preamble/Contents.aux) (./Preamble/Lists.aux) (./Preamble/ChapterMods.aux)
(./Chapter1/Chapter1.aux) (./Chapter2/Chapter2.aux) (./Chapter3/Chapter3.aux)
(./Chapter4/Chapter4.aux) (./Chapter5/Chapter5.aux) (./Chapter6/Chapter6.aux)
(./Chapter7/Chapter7.aux) (./Chapter8/Chapter8.aux) (./Chapter9/Chapter9.aux)
(./Chapter10/Chapter10.aux) (./Appendices/Appendices.aux))
 ***********
LaTeX2e <2024-11-01> patch level 2
L3 programming layer <2025-01-18>
 ***********
 ) 
Here is how much of TeX's memory you used:
 4961 strings out of 473189
 87848 string characters out of 5719958
 559461 words of memory out of 5000000
 27991 multiletter control sequences out of 15000+600000
 563585 words of font info for 54 fonts, out of 8000000 for 9000
 1141 hyphenation exceptions out of 8191
 79i,13n,93p,1361b,329s stack positions out of 10000i,1000n,20000p,200000b,200000s
<g:/texlive/2025/texmf-dist/fonts/type1/public/amsfonts/cm/cmbx10.pfb><g:/tex
live/2025/texmf-dist/fonts/type1/public/amsfonts/cm/cmbx12.pfb><g:/texlive/2025
/texmf-dist/fonts/type1/public/amsfonts/cm/cmex10.pfb><g:/texlive/2025/texmf-di
st/fonts/type1/public/amsfonts/cm/cmmi10.pfb><g:/texlive/2025/texmf-dist/fonts/
type1/public/amsfonts/cm/cmmi5.pfb><g:/texlive/2025/texmf-dist/fonts/type1/publ
ic/amsfonts/cm/cmmi7.pfb><g:/texlive/2025/texmf-dist/fonts/type1/public/amsfont
s/cm/cmr10.pfb><g:/texlive/2025/texmf-dist/fonts/type1/public/amsfonts/cm/cmr12
.pfb><g:/texlive/2025/texmf-dist/fonts/type1/public/amsfonts/cm/cmr5.pfb><g:/te
xlive/2025/texmf-dist/fonts/type1/public/amsfonts/cm/cmr7.pfb><g:/texlive/2025/
texmf-dist/fonts/type1/public/amsfonts/cm/cmr9.pfb><g:/texlive/2025/texmf-dist/
fonts/type1/public/amsfonts/cm/cmss12.pfb><g:/texlive/2025/texmf-dist/fonts/typ
e1/public/amsfonts/cm/cmss17.pfb><g:/texlive/2025/texmf-dist/fonts/type1/public
/amsfonts/cm/cmsy10.pfb><g:/texlive/2025/texmf-dist/fonts/type1/public/amsfonts
/cm/cmsy5.pfb><g:/texlive/2025/texmf-dist/fonts/type1/public/amsfonts/cm/cmsy7.
pfb><g:/texlive/2025/texmf-dist/fonts/type1/public/amsfonts/symbols/msbm10.pfb>

Output written on Dissertation.pdf (24 pages, 343505 bytes).
PDF statistics:
 170 PDF objects out of 1000 (max. 8388607)
 106 compressed objects within 2 object streams
 0 named destinations out of 1000 (max. 500000)
 6 words of extra memory for PDF output out of 10000 (max. 10000000)

